# JRE version: OpenJDK Runtime Environment (8.0_152-b01) (build 1.8.0_152-release-1343-b01)
# Java VM: OpenJDK 64-Bit Server VM (25.152-b01 mixed mode windows-amd64 compressed oops)
Heap:
 PSYoungGen      total 148992K, used 137670K [0x00000000f5580000, 0x00000000ffe80000, 0x0000000100000000)
  eden space 142848K, 92% used [0x00000000f5580000,0x00000000fd66c048,0x00000000fe100000)
  from space 6144K, 92% used [0x00000000fe100000,0x00000000fe685a10,0x00000000fe700000)
  to   space 14848K, 0% used [0x00000000ff000000,0x00000000ff000000,0x00000000ffe80000)
 ParOldGen       total 195584K, used 91216K [0x00000000e0000000, 0x00000000ebf00000, 0x00000000f5580000)
  object space 195584K, 46% used [0x00000000e0000000,0x00000000e5914338,0x00000000ebf00000)
 Metaspace       used 107155K, capacity 112748K, committed 112984K, reserved 1148928K
  class space    used 13308K, capacity 14351K, committed 14464K, reserved 1048576K
GC Heap History (10 events):
Event: 1896.579 GC heap before
{Heap before GC invocations=93 (full 4):
 PSYoungGen      total 154112K, used 145377K [0x00000000f5580000, 0x00000000ffe00000, 0x0000000100000000)
  eden space 137728K, 100% used [0x00000000f5580000,0x00000000fdc00000,0x00000000fdc00000)
  from space 16384K, 46% used [0x00000000fee00000,0x00000000ff5787f8,0x00000000ffe00000)
  to   space 17408K, 0% used [0x00000000fdc00000,0x00000000fdc00000,0x00000000fed00000)
 ParOldGen       total 195584K, used 90968K [0x00000000e0000000, 0x00000000ebf00000, 0x00000000f5580000)
  object space 195584K, 46% used [0x00000000e0000000,0x00000000e58d6318,0x00000000ebf00000)
 Metaspace       used 106987K, capacity 112610K, committed 112728K, reserved 1146880K
  class space    used 13307K, capacity 14350K, committed 14464K, reserved 1048576K
Event: 1896.587 GC heap after
Heap after GC invocations=93 (full 4):
 PSYoungGen      total 155136K, used 7797K [0x00000000f5580000, 0x00000000fff00000, 0x0000000100000000)
  eden space 137728K, 0% used [0x00000000f5580000,0x00000000f5580000,0x00000000fdc00000)
  from space 17408K, 44% used [0x00000000fdc00000,0x00000000fe39d478,0x00000000fed00000)
  to   space 16384K, 0% used [0x00000000fef00000,0x00000000fef00000,0x00000000fff00000)
 ParOldGen       total 195584K, used 91000K [0x00000000e0000000, 0x00000000ebf00000, 0x00000000f5580000)
  object space 195584K, 46% used [0x00000000e0000000,0x00000000e58de318,0x00000000ebf00000)
 Metaspace       used 106987K, capacity 112610K, committed 112728K, reserved 1146880K
  class space    used 13307K, capacity 14350K, committed 14464K, reserved 1048576K
}
Event: 1896.740 GC heap before
{Heap before GC invocations=94 (full 4):
 PSYoungGen      total 155136K, used 145525K [0x00000000f5580000, 0x00000000fff00000, 0x0000000100000000)
  eden space 137728K, 100% used [0x00000000f5580000,0x00000000fdc00000,0x00000000fdc00000)
  from space 17408K, 44% used [0x00000000fdc00000,0x00000000fe39d478,0x00000000fed00000)
  to   space 16384K, 0% used [0x00000000fef00000,0x00000000fef00000,0x00000000fff00000)
 ParOldGen       total 195584K, used 91000K [0x00000000e0000000, 0x00000000ebf00000, 0x00000000f5580000)
  object space 195584K, 46% used [0x00000000e0000000,0x00000000e58de318,0x00000000ebf00000)
 Metaspace       used 106997K, capacity 112610K, committed 112728K, reserved 1146880K
  class space    used 13307K, capacity 14350K, committed 14464K, reserved 1048576K
Event: 1896.747 GC heap after
Heap after GC invocations=94 (full 4):
 PSYoungGen      total 156160K, used 5822K [0x00000000f5580000, 0x00000000ffe00000, 0x0000000100000000)
  eden space 140800K, 0% used [0x00000000f5580000,0x00000000f5580000,0x00000000fdf00000)
  from space 15360K, 37% used [0x00000000fef00000,0x00000000ff4afbc0,0x00000000ffe00000)
  to   space 15872K, 0% used [0x00000000fdf00000,0x00000000fdf00000,0x00000000fee80000)
 ParOldGen       total 195584K, used 91088K [0x00000000e0000000, 0x00000000ebf00000, 0x00000000f5580000)
  object space 195584K, 46% used [0x00000000e0000000,0x00000000e58f4338,0x00000000ebf00000)
 Metaspace       used 106997K, capacity 112610K, committed 112728K, reserved 1146880K
  class space    used 13307K, capacity 14350K, committed 14464K, reserved 1048576K
}
Event: 1896.921 GC heap before
{Heap before GC invocations=95 (full 4):
 PSYoungGen      total 156160K, used 146622K [0x00000000f5580000, 0x00000000ffe00000, 0x0000000100000000)
  eden space 140800K, 100% used [0x00000000f5580000,0x00000000fdf00000,0x00000000fdf00000)
  from space 15360K, 37% used [0x00000000fef00000,0x00000000ff4afbc0,0x00000000ffe00000)
  to   space 15872K, 0% used [0x00000000fdf00000,0x00000000fdf00000,0x00000000fee80000)
 ParOldGen       total 195584K, used 91088K [0x00000000e0000000, 0x00000000ebf00000, 0x00000000f5580000)
  object space 195584K, 46% used [0x00000000e0000000,0x00000000e58f4338,0x00000000ebf00000)
 Metaspace       used 107008K, capacity 112610K, committed 112728K, reserved 1146880K
  class space    used 13307K, capacity 14350K, committed 14464K, reserved 1048576K
Event: 1896.927 GC heap after
Heap after GC invocations=95 (full 4):
 PSYoungGen      total 156672K, used 4676K [0x00000000f5580000, 0x00000000fff80000, 0x0000000100000000)
  eden space 140800K, 0% used [0x00000000f5580000,0x00000000f5580000,0x00000000fdf00000)
  from space 15872K, 29% used [0x00000000fdf00000,0x00000000fe391388,0x00000000fee80000)
  to   space 15360K, 0% used [0x00000000ff080000,0x00000000ff080000,0x00000000fff80000)
 ParOldGen       total 195584K, used 91136K [0x00000000e0000000, 0x00000000ebf00000, 0x00000000f5580000)
  object space 195584K, 46% used [0x00000000e0000000,0x00000000e5900338,0x00000000ebf00000)
 Metaspace       used 107008K, capacity 112610K, committed 112728K, reserved 1146880K
  class space    used 13307K, capacity 14350K, committed 14464K, reserved 1048576K
}
Event: 1897.150 GC heap before
{Heap before GC invocations=96 (full 4):
 PSYoungGen      total 156672K, used 145476K [0x00000000f5580000, 0x00000000fff80000, 0x0000000100000000)
  eden space 140800K, 100% used [0x00000000f5580000,0x00000000fdf00000,0x00000000fdf00000)
  from space 15872K, 29% used [0x00000000fdf00000,0x00000000fe391388,0x00000000fee80000)
  to   space 15360K, 0% used [0x00000000ff080000,0x00000000ff080000,0x00000000fff80000)
 ParOldGen       total 195584K, used 91136K [0x00000000e0000000, 0x00000000ebf00000, 0x00000000f5580000)
  object space 195584K, 46% used [0x00000000e0000000,0x00000000e5900338,0x00000000ebf00000)
 Metaspace       used 107045K, capacity 112680K, committed 112984K, reserved 1148928K
  class space    used 13308K, capacity 14351K, committed 14464K, reserved 1048576K
Event: 1897.158 GC heap after
Heap after GC invocations=96 (full 4):
 PSYoungGen      total 158208K, used 1560K [0x00000000f5580000, 0x0000000100000000, 0x0000000100000000)
  eden space 142848K, 0% used [0x00000000f5580000,0x00000000f5580000,0x00000000fe100000)
  from space 15360K, 10% used [0x00000000ff080000,0x00000000ff2063b0,0x00000000fff80000)
  to   space 15872K, 0% used [0x00000000fe100000,0x00000000fe100000,0x00000000ff080000)
 ParOldGen       total 195584K, used 91200K [0x00000000e0000000, 0x00000000ebf00000, 0x00000000f5580000)
  object space 195584K, 46% used [0x00000000e0000000,0x00000000e5910338,0x00000000ebf00000)
 Metaspace       used 107045K, capacity 112680K, committed 112984K, reserved 1148928K
  class space    used 13308K, capacity 14351K, committed 14464K, reserved 1048576K
}
Event: 1897.484 GC heap before
{Heap before GC invocations=97 (full 4):
 PSYoungGen      total 158208K, used 144408K [0x00000000f5580000, 0x0000000100000000, 0x0000000100000000)
  eden space 142848K, 100% used [0x00000000f5580000,0x00000000fe100000,0x00000000fe100000)
  from space 15360K, 10% used [0x00000000ff080000,0x00000000ff2063b0,0x00000000fff80000)
  to   space 15872K, 0% used [0x00000000fe100000,0x00000000fe100000,0x00000000ff080000)
 ParOldGen       total 195584K, used 91200K [0x00000000e0000000, 0x00000000ebf00000, 0x00000000f5580000)
  object space 195584K, 46% used [0x00000000e0000000,0x00000000e5910338,0x00000000ebf00000)
 Metaspace       used 107108K, capacity 112680K, committed 112984K, reserved 1148928K
  class space    used 13308K, capacity 14351K, committed 14464K, reserved 1048576K
Event: 1897.503 GC heap after
Heap after GC invocations=97 (full 4):
 PSYoungGen      total 148992K, used 5654K [0x00000000f5580000, 0x00000000ffe80000, 0x0000000100000000)
  eden space 142848K, 0% used [0x00000000f5580000,0x00000000f5580000,0x00000000fe100000)
  from space 6144K, 92% used [0x00000000fe100000,0x00000000fe685a10,0x00000000fe700000)
  to   space 14848K, 0% used [0x00000000ff000000,0x00000000ff000000,0x00000000ffe80000)
 ParOldGen       total 195584K, used 91216K [0x00000000e0000000, 0x00000000ebf00000, 0x00000000f5580000)
  object space 195584K, 46% used [0x00000000e0000000,0x00000000e5914338,0x00000000ebf00000)
 Metaspace       used 107108K, capacity 112680K, committed 112984K, reserved 1148928K
  class space    used 13308K, capacity 14351K, committed 14464K, reserved 1048576K
}

