# JRE version: OpenJDK Runtime Environment (8.0_152-b01) (build 1.8.0_152-release-1343-b01)
# Java VM: OpenJDK 64-Bit Server VM (25.152-b01 mixed mode windows-amd64 compressed oops)
Heap:
 PSYoungGen      total 125440K, used 69245K [0x00000000f5580000, 0x0000000100000000, 0x0000000100000000)
  eden space 79360K, 47% used [0x00000000f5580000,0x00000000f79f20e0,0x00000000fa300000)
  from space 46080K, 69% used [0x00000000fd300000,0x00000000ff22d4e8,0x0000000100000000)
  to   space 47616K, 0% used [0x00000000fa300000,0x00000000fa300000,0x00000000fd180000)
 ParOldGen       total 161280K, used 65502K [0x00000000e0000000, 0x00000000e9d80000, 0x00000000f5580000)
  object space 161280K, 40% used [0x00000000e0000000,0x00000000e3ff79d8,0x00000000e9d80000)
 Metaspace       used 87593K, capacity 90486K, committed 90584K, reserved 1128448K
  class space    used 11103K, capacity 11701K, committed 11776K, reserved 1048576K
GC Heap History (10 events):
Event: 1467.368 GC heap before
{Heap before GC invocations=29 (full 3):
 PSYoungGen      total 141312K, used 141284K [0x00000000f5580000, 0x0000000100000000, 0x0000000100000000)
  eden space 108032K, 100% used [0x00000000f5580000,0x00000000fbf00000,0x00000000fbf00000)
  from space 33280K, 99% used [0x00000000fbf00000,0x00000000fdf79178,0x00000000fdf80000)
  to   space 33280K, 0% used [0x00000000fdf80000,0x00000000fdf80000,0x0000000100000000)
 ParOldGen       total 161280K, used 64113K [0x00000000e0000000, 0x00000000e9d80000, 0x00000000f5580000)
  object space 161280K, 39% used [0x00000000e0000000,0x00000000e3e9c608,0x00000000e9d80000)
 Metaspace       used 79070K, capacity 81774K, committed 82008K, reserved 1120256K
  class space    used 10150K, capacity 10773K, committed 10880K, reserved 1048576K
Event: 1467.391 GC heap after
Heap after GC invocations=29 (full 3):
 PSYoungGen      total 118784K, used 29901K [0x00000000f5580000, 0x0000000100000000, 0x0000000100000000)
  eden space 85504K, 0% used [0x00000000f5580000,0x00000000f5580000,0x00000000fa900000)
  from space 33280K, 89% used [0x00000000fdf80000,0x00000000ffcb36f0,0x0000000100000000)
  to   space 44544K, 0% used [0x00000000fa900000,0x00000000fa900000,0x00000000fd480000)
 ParOldGen       total 161280K, used 64934K [0x00000000e0000000, 0x00000000e9d80000, 0x00000000f5580000)
  object space 161280K, 40% used [0x00000000e0000000,0x00000000e3f699b8,0x00000000e9d80000)
 Metaspace       used 79070K, capacity 81774K, committed 82008K, reserved 1120256K
  class space    used 10150K, capacity 10773K, committed 10880K, reserved 1048576K
}
Event: 1474.057 GC heap before
{Heap before GC invocations=30 (full 3):
 PSYoungGen      total 118784K, used 115405K [0x00000000f5580000, 0x0000000100000000, 0x0000000100000000)
  eden space 85504K, 100% used [0x00000000f5580000,0x00000000fa900000,0x00000000fa900000)
  from space 33280K, 89% used [0x00000000fdf80000,0x00000000ffcb36f0,0x0000000100000000)
  to   space 44544K, 0% used [0x00000000fa900000,0x00000000fa900000,0x00000000fd480000)
 ParOldGen       total 161280K, used 64934K [0x00000000e0000000, 0x00000000e9d80000, 0x00000000f5580000)
  object space 161280K, 40% used [0x00000000e0000000,0x00000000e3f699b8,0x00000000e9d80000)
 Metaspace       used 80644K, capacity 83492K, committed 83672K, reserved 1122304K
  class space    used 10305K, capacity 10952K, committed 11008K, reserved 1048576K
Event: 1474.075 GC heap after
Heap after GC invocations=30 (full 3):
 PSYoungGen      total 112128K, used 27892K [0x00000000f5580000, 0x00000000fff80000, 0x0000000100000000)
  eden space 83968K, 0% used [0x00000000f5580000,0x00000000f5580000,0x00000000fa780000)
  from space 28160K, 99% used [0x00000000fa900000,0x00000000fc43d170,0x00000000fc480000)
  to   space 45056K, 0% used [0x00000000fd380000,0x00000000fd380000,0x00000000fff80000)
 ParOldGen       total 161280K, used 64942K [0x00000000e0000000, 0x00000000e9d80000, 0x00000000f5580000)
  object space 161280K, 40% used [0x00000000e0000000,0x00000000e3f6b9b8,0x00000000e9d80000)
 Metaspace       used 80644K, capacity 83492K, committed 83672K, reserved 1122304K
  class space    used 10305K, capacity 10952K, committed 11008K, reserved 1048576K
}
Event: 1476.721 GC heap before
{Heap before GC invocations=31 (full 3):
 PSYoungGen      total 112128K, used 111860K [0x00000000f5580000, 0x00000000fff80000, 0x0000000100000000)
  eden space 83968K, 100% used [0x00000000f5580000,0x00000000fa780000,0x00000000fa780000)
  from space 28160K, 99% used [0x00000000fa900000,0x00000000fc43d170,0x00000000fc480000)
  to   space 45056K, 0% used [0x00000000fd380000,0x00000000fd380000,0x00000000fff80000)
 ParOldGen       total 161280K, used 64942K [0x00000000e0000000, 0x00000000e9d80000, 0x00000000f5580000)
  object space 161280K, 40% used [0x00000000e0000000,0x00000000e3f6b9b8,0x00000000e9d80000)
 Metaspace       used 81991K, capacity 84694K, committed 84824K, reserved 1122304K
  class space    used 10465K, capacity 11093K, committed 11136K, reserved 1048576K
Event: 1476.752 GC heap after
Heap after GC invocations=31 (full 3):
 PSYoungGen      total 127488K, used 28750K [0x00000000f5580000, 0x0000000100000000, 0x0000000100000000)
  eden space 82432K, 0% used [0x00000000f5580000,0x00000000f5580000,0x00000000fa600000)
  from space 45056K, 63% used [0x00000000fd380000,0x00000000fef93888,0x00000000fff80000)
  to   space 46080K, 0% used [0x00000000fa600000,0x00000000fa600000,0x00000000fd300000)
 ParOldGen       total 161280K, used 64950K [0x00000000e0000000, 0x00000000e9d80000, 0x00000000f5580000)
  object space 161280K, 40% used [0x00000000e0000000,0x00000000e3f6d9b8,0x00000000e9d80000)
 Metaspace       used 81991K, capacity 84694K, committed 84824K, reserved 1122304K
  class space    used 10465K, capacity 11093K, committed 11136K, reserved 1048576K
}
Event: 1477.146 GC heap before
{Heap before GC invocations=32 (full 3):
 PSYoungGen      total 127488K, used 111182K [0x00000000f5580000, 0x0000000100000000, 0x0000000100000000)
  eden space 82432K, 100% used [0x00000000f5580000,0x00000000fa600000,0x00000000fa600000)
  from space 45056K, 63% used [0x00000000fd380000,0x00000000fef93888,0x00000000fff80000)
  to   space 46080K, 0% used [0x00000000fa600000,0x00000000fa600000,0x00000000fd300000)
 ParOldGen       total 161280K, used 64950K [0x00000000e0000000, 0x00000000e9d80000, 0x00000000f5580000)
  object space 161280K, 40% used [0x00000000e0000000,0x00000000e3f6d9b8,0x00000000e9d80000)
 Metaspace       used 81999K, capacity 84694K, committed 84824K, reserved 1122304K
  class space    used 10465K, capacity 11093K, committed 11136K, reserved 1048576K
Event: 1477.177 GC heap after
Heap after GC invocations=32 (full 3):
 PSYoungGen      total 128512K, used 28105K [0x00000000f5580000, 0x0000000100000000, 0x0000000100000000)
  eden space 82432K, 0% used [0x00000000f5580000,0x00000000f5580000,0x00000000fa600000)
  from space 46080K, 60% used [0x00000000fa600000,0x00000000fc1725f0,0x00000000fd300000)
  to   space 46080K, 0% used [0x00000000fd300000,0x00000000fd300000,0x0000000100000000)
 ParOldGen       total 161280K, used 64950K [0x00000000e0000000, 0x00000000e9d80000, 0x00000000f5580000)
  object space 161280K, 40% used [0x00000000e0000000,0x00000000e3f6d9b8,0x00000000e9d80000)
 Metaspace       used 81999K, capacity 84694K, committed 84824K, reserved 1122304K
  class space    used 10465K, capacity 11093K, committed 11136K, reserved 1048576K
}
Event: 1478.827 GC heap before
{Heap before GC invocations=33 (full 3):
 PSYoungGen      total 128512K, used 110537K [0x00000000f5580000, 0x0000000100000000, 0x0000000100000000)
  eden space 82432K, 100% used [0x00000000f5580000,0x00000000fa600000,0x00000000fa600000)
  from space 46080K, 60% used [0x00000000fa600000,0x00000000fc1725f0,0x00000000fd300000)
  to   space 46080K, 0% used [0x00000000fd300000,0x00000000fd300000,0x0000000100000000)
 ParOldGen       total 161280K, used 64950K [0x00000000e0000000, 0x00000000e9d80000, 0x00000000f5580000)
  object space 161280K, 40% used [0x00000000e0000000,0x00000000e3f6d9b8,0x00000000e9d80000)
 Metaspace       used 87506K, capacity 90358K, committed 90584K, reserved 1128448K
  class space    used 11098K, capacity 11701K, committed 11776K, reserved 1048576K
Event: 1478.844 GC heap after
Heap after GC invocations=33 (full 3):
 PSYoungGen      total 125440K, used 31925K [0x00000000f5580000, 0x0000000100000000, 0x0000000100000000)
  eden space 79360K, 0% used [0x00000000f5580000,0x00000000f5580000,0x00000000fa300000)
  from space 46080K, 69% used [0x00000000fd300000,0x00000000ff22d4e8,0x0000000100000000)
  to   space 47616K, 0% used [0x00000000fa300000,0x00000000fa300000,0x00000000fd180000)
 ParOldGen       total 161280K, used 65502K [0x00000000e0000000, 0x00000000e9d80000, 0x00000000f5580000)
  object space 161280K, 40% used [0x00000000e0000000,0x00000000e3ff79d8,0x00000000e9d80000)
 Metaspace       used 87506K, capacity 90358K, committed 90584K, reserved 1128448K
  class space    used 11098K, capacity 11701K, committed 11776K, reserved 1048576K
}

